<?xml version="1.0" encoding="UTF-8"?>
<!-- Generated by org.testng.reporters.JUnitReportReporter -->
<testsuite hostname="LAPTOP-CUJ9DF0O" failures="0" tests="6" name="api.test.DDTest" time="10.577" errors="0" timestamp="2022-09-20T15:36:31 IST" skipped="0">
  <testcase classname="api.test.DDTest" name="testPostuser" time="1.533"/>
  <system-out/>
  <testcase classname="api.test.DDTest" name="testPostuser" time="1.497"/>
  <system-out/>
  <testcase classname="api.test.DDTest" name="testPostuser" time="3.005"/>
  <system-out/>
  <testcase classname="api.test.DDTest" name="testDeleteUserByName" time="1.474"/>
  <system-out/>
  <testcase classname="api.test.DDTest" name="testDeleteUserByName" time="1.536"/>
  <system-out/>
  <testcase classname="api.test.DDTest" name="testDeleteUserByName" time="1.532"/>
  <system-out/>
</testsuite> <!-- api.test.DDTest -->
