<?xml version="1.0" encoding="UTF-8"?>
<!-- Generated by org.testng.reporters.JUnitReportReporter -->
<testsuite hostname="LAPTOP-CUJ9DF0O" failures="0" tests="4" name="api.test.UserTest2" time="9.350" errors="0" timestamp="2022-09-20T15:40:47 IST" skipped="0">
  <testcase classname="api.test.UserTest2" name="testPostUser" time="3.202"/>
  <system-out/>
  <testcase classname="api.test.UserTest2" name="testGetUserByName" time="1.548"/>
  <system-out/>
  <testcase classname="api.test.UserTest2" name="testUpdateUserByName" time="3.065"/>
  <system-out/>
  <testcase classname="api.test.UserTest2" name="testDeleteUserByName" time="1.535"/>
  <system-out/>
</testsuite> <!-- api.test.UserTest2 -->
